<?xml version="1.0" encoding="UTF-8"?>
<testsuite xmlns:xsi="http://www.w3.org/2001/XMLSchema-instance" xsi:noNamespaceSchemaLocation="https://maven.apache.org/surefire/maven-surefire-plugin/xsd/surefire-test-report-3.0.xsd" version="3.0" name="TestSuite" time="40.706" tests="10" errors="0" skipped="0" failures="4">
  <properties>
[...]
</properties>
  <testcase name="factorialTest[Zero, 0](1)" classname="test.FactorialTest" time="0.922">
    <system-out><![CDATA[BASE URL:http://qainterview.pythonanywhere.com/
]]></system-out>
    <system-err><![CDATA[SLF4J: Failed to load class "org.slf4j.impl.StaticLoggerBinder".
SLF4J: Defaulting to no-operation (NOP) logger implementation
SLF4J: See http://www.slf4j.org/codes.html#StaticLoggerBinder for further details.
Starting ChromeDriver 89.0.4389.23 (61b08ee2c50024bab004e48d2b1b083cdbdac579-refs/branch-heads/4389@{#294}) on port 29520
Only local connections are allowed.
Please see https://chromedriver.chromium.org/security-considerations for suggestions on keeping ChromeDriver safe.
ChromeDriver was started successfully.
mar. 20, 2021 9:20:12 A. M. org.openqa.selenium.remote.ProtocolHandshake createSession
INFO: Detected dialect: W3C
]]></system-err>
  </testcase>
  <testcase name="factorialTest[Between 1 and 3 Digits, 8](2)" classname="test.FactorialTest" time="0.754"/>
  <testcase name="factorialTest[Four or More Digits, 1009](3)" classname="test.FactorialTest" time="5.795">
    <failure message="Element should have text &apos;The factorial of 1009 is:&apos; {#resultDiv}&#10;Element: &apos;&lt;p class=&quot;text-center top-space-20&quot; id=&quot;resultDiv&quot;&gt;&lt;/p&gt;&apos;&#10;Screenshot: file:/C:/Users/drivas/Documents/HodinkeeCodeChallenge/target/screenshot/1616253623885.0.png&#10;Page source: file:/C:/Users/drivas/Documents/HodinkeeCodeChallenge/target/screenshot/1616253623885.0.html&#10;Timeout: 5 s." type="com.codeborne.selenide.ex.ElementShould"><![CDATA[com.codeborne.selenide.ex.ElementShould: 
Element should have text 'The factorial of 1009 is:' {#resultDiv}
Element: '<p class="text-center top-space-20" id="resultDiv"></p>'
Screenshot: file:/C:/Users/drivas/Documents/HodinkeeCodeChallenge/target/screenshot/1616253623885.0.png
Page source: file:/C:/Users/drivas/Documents/HodinkeeCodeChallenge/target/screenshot/1616253623885.0.html
Timeout: 5 s.
	at test.FactorialTest.factorialTest(FactorialTest.java:28)
]]></failure>
  </testcase>
  <testcase name="factorialNegativeTest[Negative Integers, -5](1)" classname="test.FactorialTest" time="5.824">
    <failure message="Element should have text &apos;Please enter an integer&apos; {#resultDiv}&#10;Element: &apos;&lt;p class=&quot;text-center top-space-20&quot; id=&quot;resultDiv&quot;&gt;&lt;/p&gt;&apos;&#10;Screenshot: file:/C:/Users/drivas/Documents/HodinkeeCodeChallenge/target/screenshot/1616253633873.1.png&#10;Page source: file:/C:/Users/drivas/Documents/HodinkeeCodeChallenge/target/screenshot/1616253633873.1.html&#10;Timeout: 5 s." type="com.codeborne.selenide.ex.ElementShould"><![CDATA[com.codeborne.selenide.ex.ElementShould: 
Element should have text 'Please enter an integer' {#resultDiv}
Element: '<p class="text-center top-space-20" id="resultDiv"></p>'
Screenshot: file:/C:/Users/drivas/Documents/HodinkeeCodeChallenge/target/screenshot/1616253633873.1.png
Page source: file:/C:/Users/drivas/Documents/HodinkeeCodeChallenge/target/screenshot/1616253633873.1.html
Timeout: 5 s.
	at test.FactorialTest.factorialNegativeTest(FactorialTest.java:52)
]]></failure>
    <system-err><![CDATA[Starting ChromeDriver 89.0.4389.23 (61b08ee2c50024bab004e48d2b1b083cdbdac579-refs/branch-heads/4389@{#294}) on port 33548
Only local connections are allowed.
Please see https://chromedriver.chromium.org/security-considerations for suggestions on keeping ChromeDriver safe.
ChromeDriver was started successfully.
mar. 20, 2021 9:20:26 A. M. org.openqa.selenium.remote.ProtocolHandshake createSession
INFO: Detected dialect: W3C
]]></system-err>
  </testcase>
  <testcase name="factorialNegativeTest[Decimals, 25.32](2)" classname="test.FactorialTest" time="0.417">
    <system-err><![CDATA[Starting ChromeDriver 89.0.4389.23 (61b08ee2c50024bab004e48d2b1b083cdbdac579-refs/branch-heads/4389@{#294}) on port 26302
Only local connections are allowed.
Please see https://chromedriver.chromium.org/security-considerations for suggestions on keeping ChromeDriver safe.
ChromeDriver was started successfully.
mar. 20, 2021 9:20:36 A. M. org.openqa.selenium.remote.ProtocolHandshake createSession
INFO: Detected dialect: W3C
]]></system-err>
  </testcase>
  <testcase name="factorialNegativeTest[Non Numeric, Alphabet](3)" classname="test.FactorialTest" time="0.405"/>
  <testcase name="factorialNegativeTest[Empty, ](4)" classname="test.FactorialTest" time="0.315"/>
  <testcase name="verifyLinks[Terms and Conditions, http://qainterview.pythonanywhere.com/terms, This is the terms and conditions document. We are not yet ready with it. Stay tuned!](1)" classname="test.NavigationTest" time="0.236">
    <failure message="expected [http://qainterview.pythonanywhere.com/terms] but found [http://qainterview.pythonanywhere.com/privacy]" type="java.lang.AssertionError"><![CDATA[java.lang.AssertionError: expected [http://qainterview.pythonanywhere.com/terms] but found [http://qainterview.pythonanywhere.com/privacy]
	at test.NavigationTest.verifyLinks(NavigationTest.java:26)
]]></failure>
  </testcase>
  <testcase name="verifyLinks[Privacy, http://qainterview.pythonanywhere.com/privacy, This is the privacy document. We are not yet ready with it. Stay tuned!](2)" classname="test.NavigationTest" time="0.235">
    <failure message="expected [http://qainterview.pythonanywhere.com/privacy] but found [http://qainterview.pythonanywhere.com/terms]" type="java.lang.AssertionError"><![CDATA[java.lang.AssertionError: expected [http://qainterview.pythonanywhere.com/privacy] but found [http://qainterview.pythonanywhere.com/terms]
	at test.NavigationTest.verifyLinks(NavigationTest.java:26)
]]></failure>
    <system-err><![CDATA[Starting ChromeDriver 89.0.4389.23 (61b08ee2c50024bab004e48d2b1b083cdbdac579-refs/branch-heads/4389@{#294}) on port 29318
Only local connections are allowed.
Please see https://chromedriver.chromium.org/security-considerations for suggestions on keeping ChromeDriver safe.
ChromeDriver was started successfully.
mar. 20, 2021 9:20:41 A. M. org.openqa.selenium.remote.ProtocolHandshake createSession
INFO: Detected dialect: W3C
]]></system-err>
  </testcase>
  <testcase name="verifyLinks[Qxf2 Services, https://qxf2.com/?utm_source=qa-interview&amp;utm_medium=click&amp;utm_campaign=From%20QA%20Interview, QA for startups](3)" classname="test.NavigationTest" time="2.705">
    <system-err><![CDATA[Starting ChromeDriver 89.0.4389.23 (61b08ee2c50024bab004e48d2b1b083cdbdac579-refs/branch-heads/4389@{#294}) on port 46228
Only local connections are allowed.
Please see https://chromedriver.chromium.org/security-considerations for suggestions on keeping ChromeDriver safe.
ChromeDriver was started successfully.
mar. 20, 2021 9:20:45 A. M. org.openqa.selenium.remote.ProtocolHandshake createSession
INFO: Detected dialect: W3C
]]></system-err>
  </testcase>
</testsuite>